<?xml version="1.0" encoding="UTF-8"?>
<testsuite name="hello.springs.SpringsApplicationTests" tests="1" skipped="0" failures="0" errors="0" timestamp="2023-08-24T07:49:25" hostname="dohee-MacBookAir.local" time="0.316">
  <properties/>
  <testcase name="contextLoads()" classname="hello.springs.SpringsApplicationTests" time="0.316"/>
  <system-out><![CDATA[16:49:24.779 [Test worker] INFO org.springframework.test.context.support.AnnotationConfigContextLoaderUtils -- Could not detect default configuration classes for test class [hello.springs.SpringsApplicationTests]: SpringsApplicationTests does not declare any static, non-private, non-final, nested classes annotated with @Configuration.
16:49:24.812 [Test worker] INFO org.springframework.boot.test.context.SpringBootTestContextBootstrapper -- Found @SpringBootConfiguration hello.springs.SpringsApplication for test class hello.springs.SpringsApplicationTests

  .   ____          _            __ _ _
 /\\ / ___'_ __ _ _(_)_ __  __ _ \ \ \ \
( ( )\___ | '_ | '_| | '_ \/ _` | \ \ \ \
 \\/  ___)| |_)| | | | | || (_| |  ) ) ) )
  '  |____| .__|_| |_|_| |_\__, | / / / /
 =========|_|==============|___/=/_/_/_/
 :: Spring Boot ::                (v3.1.2)

2023-08-24T16:49:24.939+09:00  INFO 11272 --- [    Test worker] hello.springs.SpringsApplicationTests    : Starting SpringsApplicationTests using Java 17.0.6 with PID 11272 (started by dohee in /Users/dohee/Desktop/myData/spring-jdbc-2-tx)
2023-08-24T16:49:24.939+09:00  INFO 11272 --- [    Test worker] hello.springs.SpringsApplicationTests    : No active profile set, falling back to 1 default profile: "default"
2023-08-24T16:49:25.073+09:00  INFO 11272 --- [    Test worker] .s.d.r.c.RepositoryConfigurationDelegate : Bootstrapping Spring Data JPA repositories in DEFAULT mode.
2023-08-24T16:49:25.080+09:00  INFO 11272 --- [    Test worker] .s.d.r.c.RepositoryConfigurationDelegate : Finished Spring Data repository scanning in 4 ms. Found 0 JPA repository interfaces.
2023-08-24T16:49:25.214+09:00  INFO 11272 --- [    Test worker] com.zaxxer.hikari.HikariDataSource       : HikariPool-1 - Starting...
2023-08-24T16:49:25.287+09:00  INFO 11272 --- [    Test worker] com.zaxxer.hikari.pool.HikariPool        : HikariPool-1 - Added connection conn0: url=jdbc:h2:mem:40f1e070-7609-4d59-b4f9-eeaa015bdf4e user=SA
2023-08-24T16:49:25.288+09:00  INFO 11272 --- [    Test worker] com.zaxxer.hikari.HikariDataSource       : HikariPool-1 - Start completed.
2023-08-24T16:49:25.307+09:00  INFO 11272 --- [    Test worker] o.hibernate.jpa.internal.util.LogHelper  : HHH000204: Processing PersistenceUnitInfo [name: default]
2023-08-24T16:49:25.326+09:00  INFO 11272 --- [    Test worker] org.hibernate.Version                    : HHH000412: Hibernate ORM core version 6.2.6.Final
2023-08-24T16:49:25.327+09:00  INFO 11272 --- [    Test worker] org.hibernate.cfg.Environment            : HHH000406: Using bytecode reflection optimizer
2023-08-24T16:49:25.383+09:00  INFO 11272 --- [    Test worker] o.h.b.i.BytecodeProviderInitiator        : HHH000021: Bytecode provider name : bytebuddy
2023-08-24T16:49:25.429+09:00  INFO 11272 --- [    Test worker] o.s.o.j.p.SpringPersistenceUnitInfo      : No LoadTimeWeaver setup: ignoring JPA class transformer
2023-08-24T16:49:25.471+09:00  INFO 11272 --- [    Test worker] o.h.b.i.BytecodeProviderInitiator        : HHH000021: Bytecode provider name : bytebuddy
2023-08-24T16:49:25.544+09:00  INFO 11272 --- [    Test worker] o.h.e.t.j.p.i.JtaPlatformInitiator       : HHH000490: Using JtaPlatform implementation: [org.hibernate.engine.transaction.jta.platform.internal.NoJtaPlatform]
2023-08-24T16:49:25.545+09:00  INFO 11272 --- [    Test worker] j.LocalContainerEntityManagerFactoryBean : Initialized JPA EntityManagerFactory for persistence unit 'default'
2023-08-24T16:49:25.595+09:00  INFO 11272 --- [    Test worker] hello.springs.SpringsApplicationTests    : Started SpringsApplicationTests in 0.734 seconds (process running for 1.148)
]]></system-out>
  <system-err><![CDATA[]]></system-err>
</testsuite>
